d:\documents\xash3d-vs2019\int\release\cl_dll\vc142.pdb
d:\documents\xash3d-vs2019\int\release\cl_dll\vgui_scrollbar2.obj
d:\documents\xash3d-vs2019\int\release\cl_dll\vgui_loadtga.obj
d:\documents\xash3d-vs2019\int\release\cl_dll\vgui_listbox.obj
d:\documents\xash3d-vs2019\int\release\cl_dll\vgui_helpers.obj
d:\documents\xash3d-vs2019\int\release\cl_dll\vgui_grid.obj
d:\documents\xash3d-vs2019\int\release\cl_dll\vgui_checkbutton2.obj
d:\documents\xash3d-vs2019\int\release\cl_dll\tripmine.obj
d:\documents\xash3d-vs2019\int\release\cl_dll\squeakgrenade.obj
d:\documents\xash3d-vs2019\int\release\cl_dll\shotgun.obj
d:\documents\xash3d-vs2019\int\release\cl_dll\satchel.obj
d:\documents\xash3d-vs2019\int\release\cl_dll\rpg.obj
d:\documents\xash3d-vs2019\int\release\cl_dll\python.obj
d:\documents\xash3d-vs2019\int\release\cl_dll\mp5.obj
d:\documents\xash3d-vs2019\int\release\cl_dll\hornetgun.obj
d:\documents\xash3d-vs2019\int\release\cl_dll\handgrenade.obj
d:\documents\xash3d-vs2019\int\release\cl_dll\glock.obj
d:\documents\xash3d-vs2019\int\release\cl_dll\gauss.obj
d:\documents\xash3d-vs2019\int\release\cl_dll\egon.obj
d:\documents\xash3d-vs2019\int\release\cl_dll\crowbar.obj
d:\documents\xash3d-vs2019\int\release\cl_dll\crossbow.obj
d:\documents\xash3d-vs2019\int\release\cl_dll\hl_baseentity.obj
d:\documents\xash3d-vs2019\int\release\cl_dll\health.obj
d:\documents\xash3d-vs2019\int\release\cl_dll\geiger.obj
d:\documents\xash3d-vs2019\int\release\cl_dll\gamestudiomodelrenderer.obj
d:\documents\xash3d-vs2019\int\release\cl_dll\flashlight.obj
d:\documents\xash3d-vs2019\int\release\cl_dll\ev_hldm.obj
d:\documents\xash3d-vs2019\int\release\cl_dll\ev_common.obj
d:\documents\xash3d-vs2019\int\release\cl_dll\events.obj
d:\documents\xash3d-vs2019\int\release\cl_dll\entity.obj
d:\documents\xash3d-vs2019\int\release\cl_dll\demo.obj
d:\documents\xash3d-vs2019\int\release\cl_dll\death.obj
d:\documents\xash3d-vs2019\int\release\cl_dll\com_weapons.obj
d:\documents\xash3d-vs2019\int\release\cl_dll\cdll_int.obj
d:\documents\xash3d-vs2019\int\release\cl_dll\battery.obj
d:\documents\xash3d-vs2019\int\release\cl_dll\ammo_secondary.obj
d:\documents\xash3d-vs2019\int\release\cl_dll\ammohistory.obj
d:\documents\xash3d-vs2019\int\release\cl_dll\ammo.obj
d:\documents\xash3d-vs2019\int\release\cl_dll\voice_status.obj
d:\documents\xash3d-vs2019\int\release\cl_dll\voice_banmgr.obj
d:\documents\xash3d-vs2019\int\release\cl_dll\vgui_slider2.obj
d:\documents\xash3d-vs2019\int\release\cl_dll\studio_util.obj
d:\documents\xash3d-vs2019\int\release\cl_dll\studiomodelrenderer.obj
d:\documents\xash3d-vs2019\int\release\cl_dll\status_icons.obj
d:\documents\xash3d-vs2019\int\release\cl_dll\statusbar.obj
d:\documents\xash3d-vs2019\int\release\cl_dll\saytext.obj
d:\documents\xash3d-vs2019\int\release\cl_dll\parsemsg.obj
d:\documents\xash3d-vs2019\int\release\cl_dll\message.obj
d:\documents\xash3d-vs2019\int\release\cl_dll\menu.obj
d:\documents\xash3d-vs2019\int\release\cl_dll\in_camera.obj
d:\documents\xash3d-vs2019\int\release\cl_dll\inputw32.obj
d:\documents\xash3d-vs2019\int\release\cl_dll\input.obj
d:\documents\xash3d-vs2019\int\release\cl_dll\hud_update.obj
d:\documents\xash3d-vs2019\int\release\cl_dll\hud_spectator.obj
d:\documents\xash3d-vs2019\int\release\cl_dll\hud_servers.obj
d:\documents\xash3d-vs2019\int\release\cl_dll\hud_redraw.obj
d:\documents\xash3d-vs2019\int\release\cl_dll\hud_msg.obj
d:\documents\xash3d-vs2019\int\release\cl_dll\hud.obj
d:\documents\xash3d-vs2019\int\release\cl_dll\hl_weapons.obj
d:\documents\xash3d-vs2019\int\release\cl_dll\hl_objects.obj
d:\documents\xash3d-vs2019\int\release\cl_dll\hl_events.obj
d:\documents\xash3d-vs2019\int\release\cl_dll\view.obj
d:\documents\xash3d-vs2019\int\release\cl_dll\vgui_teammenu.obj
d:\documents\xash3d-vs2019\int\release\cl_dll\vgui_teamfortressviewport.obj
d:\documents\xash3d-vs2019\int\release\cl_dll\vgui_spectatorpanel.obj
d:\documents\xash3d-vs2019\int\release\cl_dll\vgui_serverbrowser.obj
d:\documents\xash3d-vs2019\int\release\cl_dll\vgui_scorepanel.obj
d:\documents\xash3d-vs2019\int\release\cl_dll\vgui_schememanager.obj
d:\documents\xash3d-vs2019\int\release\cl_dll\vgui_motdwindow.obj
d:\documents\xash3d-vs2019\int\release\cl_dll\vgui_int.obj
d:\documents\xash3d-vs2019\int\release\cl_dll\vgui_customobjects.obj
d:\documents\xash3d-vs2019\int\release\cl_dll\vgui_controlconfigpanel.obj
d:\documents\xash3d-vs2019\int\release\cl_dll\vgui_consolepanel.obj
d:\documents\xash3d-vs2019\int\release\cl_dll\vgui_classmenu.obj
d:\documents\xash3d-vs2019\int\release\cl_dll\util.obj
d:\documents\xash3d-vs2019\int\release\cl_dll\tri.obj
d:\documents\xash3d-vs2019\int\release\cl_dll\train.obj
d:\documents\xash3d-vs2019\int\release\cl_dll\text_message.obj
d:\documents\xash3d-vs2019\int\release\cl_dll\pm_shared.obj
d:\documents\xash3d-vs2019\int\release\cl_dll\pm_math.obj
d:\documents\xash3d-vs2019\int\release\cl_dll\pm_debug.obj
d:\documents\xash3d-vs2019\bin\release\client.lib
d:\documents\xash3d-vs2019\bin\release\client.exp
d:\documents\xash3d-vs2019\bin\release\client.ipdb
d:\documents\xash3d-vs2019\bin\release\client.iobj
d:\documents\xash3d-vs2019_build\valve\bin\client.dll
d:\documents\xash3d-vs2019\bin\release\client.dll
d:\documents\xash3d-vs2019\bin\release\client.pdb
d:\documents\xash3d-vs2019\int\release\cl_dll\cl_dll.tlog\cl.command.1.tlog
d:\documents\xash3d-vs2019\int\release\cl_dll\cl_dll.tlog\cl.read.1.tlog
d:\documents\xash3d-vs2019\int\release\cl_dll\cl_dll.tlog\cl.write.1.tlog
d:\documents\xash3d-vs2019\int\release\cl_dll\cl_dll.tlog\cl_dll.write.1u.tlog
d:\documents\xash3d-vs2019\int\release\cl_dll\cl_dll.tlog\custombuildstep.read.1u.tlog
d:\documents\xash3d-vs2019\int\release\cl_dll\cl_dll.tlog\custombuildstep.write.1u.tlog
d:\documents\xash3d-vs2019\int\release\cl_dll\cl_dll.tlog\link.command.1.tlog
d:\documents\xash3d-vs2019\int\release\cl_dll\cl_dll.tlog\link.read.1.tlog
d:\documents\xash3d-vs2019\int\release\cl_dll\cl_dll.tlog\link.write.1.tlog
