d:\documents\xash3d-vs2019\int\release\mainui\vc142.pdb
d:\documents\xash3d-vs2019\int\release\mainui\menu_strings.obj
d:\documents\xash3d-vs2019\int\release\mainui\menu_saveload.obj
d:\documents\xash3d-vs2019\int\release\mainui\menu_savegame.obj
d:\documents\xash3d-vs2019\int\release\mainui\menu_playersetup.obj
d:\documents\xash3d-vs2019\int\release\mainui\menu_newgame.obj
d:\documents\xash3d-vs2019\int\release\mainui\menu_multiplayer.obj
d:\documents\xash3d-vs2019\int\release\mainui\menu_main.obj
d:\documents\xash3d-vs2019\int\release\mainui\menu_loadgame.obj
d:\documents\xash3d-vs2019\int\release\mainui\menu_langame.obj
d:\documents\xash3d-vs2019\int\release\mainui\menu_internetgames.obj
d:\documents\xash3d-vs2019\int\release\mainui\menu_gameoptions.obj
d:\documents\xash3d-vs2019\int\release\mainui\menu_customgame.obj
d:\documents\xash3d-vs2019\int\release\mainui\menu_credits.obj
d:\documents\xash3d-vs2019\int\release\mainui\menu_creategame.obj
d:\documents\xash3d-vs2019\int\release\mainui\menu_controls.obj
d:\documents\xash3d-vs2019\int\release\mainui\menu_configuration.obj
d:\documents\xash3d-vs2019\int\release\mainui\menu_btns.obj
d:\documents\xash3d-vs2019\int\release\mainui\menu_audio.obj
d:\documents\xash3d-vs2019\int\release\mainui\menu_advcontrols.obj
d:\documents\xash3d-vs2019\int\release\mainui\basemenu.obj
d:\documents\xash3d-vs2019\int\release\mainui\utils.obj
d:\documents\xash3d-vs2019\int\release\mainui\ui_title_anim.obj
d:\documents\xash3d-vs2019\int\release\mainui\udll_int.obj
d:\documents\xash3d-vs2019\int\release\mainui\menu_vidoptions.obj
d:\documents\xash3d-vs2019\int\release\mainui\menu_vidmodes.obj
d:\documents\xash3d-vs2019\int\release\mainui\menu_video.obj
d:\documents\xash3d-vs2019_build\menu.dll
d:\documents\xash3d-vs2019\bin\release\menu.dll
d:\documents\xash3d-vs2019\bin\release\menu.pdb
d:\documents\xash3d-vs2019\bin\release\menu.lib
d:\documents\xash3d-vs2019\bin\release\menu.exp
d:\documents\xash3d-vs2019\bin\release\menu.ipdb
d:\documents\xash3d-vs2019\bin\release\menu.iobj
d:\documents\xash3d-vs2019\int\release\mainui\mainui.tlog\cl.command.1.tlog
d:\documents\xash3d-vs2019\int\release\mainui\mainui.tlog\cl.read.1.tlog
d:\documents\xash3d-vs2019\int\release\mainui\mainui.tlog\cl.write.1.tlog
d:\documents\xash3d-vs2019\int\release\mainui\mainui.tlog\custombuildstep.read.1u.tlog
d:\documents\xash3d-vs2019\int\release\mainui\mainui.tlog\custombuildstep.write.1u.tlog
d:\documents\xash3d-vs2019\int\release\mainui\mainui.tlog\link.command.1.tlog
d:\documents\xash3d-vs2019\int\release\mainui\mainui.tlog\link.read.1.tlog
d:\documents\xash3d-vs2019\int\release\mainui\mainui.tlog\link.write.1.tlog
d:\documents\xash3d-vs2019\int\release\mainui\mainui.tlog\mainui.write.1u.tlog
