d:\documents\xash3d-vs2019\int\release\engine\vc142.pdb
d:\documents\xash3d-vs2019\int\release\engine\gl_backend.obj
d:\documents\xash3d-vs2019\int\release\engine\gl_alias.obj
d:\documents\xash3d-vs2019\int\release\engine\cl_view.obj
d:\documents\xash3d-vs2019\int\release\engine\cl_video.obj
d:\documents\xash3d-vs2019\int\release\engine\cl_tent.obj
d:\documents\xash3d-vs2019\int\release\engine\cl_scrn.obj
d:\documents\xash3d-vs2019\int\release\engine\cl_remap.obj
d:\documents\xash3d-vs2019\int\release\engine\cl_qparse.obj
d:\documents\xash3d-vs2019\int\release\engine\cl_pmove.obj
d:\documents\xash3d-vs2019\int\release\engine\cl_parse.obj
d:\documents\xash3d-vs2019\int\release\engine\cl_netgraph.obj
d:\documents\xash3d-vs2019\int\release\engine\cl_main.obj
d:\documents\xash3d-vs2019\int\release\engine\cl_gameui.obj
d:\documents\xash3d-vs2019\int\release\engine\cl_game.obj
d:\documents\xash3d-vs2019\int\release\engine\cl_frame.obj
d:\documents\xash3d-vs2019\int\release\engine\cl_events.obj
d:\documents\xash3d-vs2019\int\release\engine\cl_demo.obj
d:\documents\xash3d-vs2019\int\release\engine\cl_debug.obj
d:\documents\xash3d-vs2019\int\release\engine\cl_custom.obj
d:\documents\xash3d-vs2019\int\release\engine\cl_cmds.obj
d:\documents\xash3d-vs2019\int\release\engine\s_load.obj
d:\documents\xash3d-vs2019\int\release\engine\s_dsp.obj
d:\documents\xash3d-vs2019\int\release\engine\s_backend.obj
d:\documents\xash3d-vs2019\int\release\engine\gl_warp.obj
d:\documents\xash3d-vs2019\int\release\engine\gl_vidnt.obj
d:\documents\xash3d-vs2019\int\release\engine\gl_studio.obj
d:\documents\xash3d-vs2019\int\release\engine\gl_sprite.obj
d:\documents\xash3d-vs2019\int\release\engine\gl_rsurf.obj
d:\documents\xash3d-vs2019\int\release\engine\gl_rpart.obj
d:\documents\xash3d-vs2019\int\release\engine\gl_rmisc.obj
d:\documents\xash3d-vs2019\int\release\engine\gl_rmath.obj
d:\documents\xash3d-vs2019\int\release\engine\gl_rmain.obj
d:\documents\xash3d-vs2019\int\release\engine\gl_rlight.obj
d:\documents\xash3d-vs2019\int\release\engine\gl_refrag.obj
d:\documents\xash3d-vs2019\int\release\engine\gl_image.obj
d:\documents\xash3d-vs2019\int\release\engine\gl_frustum.obj
d:\documents\xash3d-vs2019\int\release\engine\gl_draw.obj
d:\documents\xash3d-vs2019\int\release\engine\gl_decals.obj
d:\documents\xash3d-vs2019\int\release\engine\gl_cull.obj
d:\documents\xash3d-vs2019\int\release\engine\gl_beams.obj
d:\documents\xash3d-vs2019\int\release\engine\gamma.obj
d:\documents\xash3d-vs2019\int\release\engine\filesystem.obj
d:\documents\xash3d-vs2019\int\release\engine\cvar.obj
d:\documents\xash3d-vs2019\int\release\engine\custom.obj
d:\documents\xash3d-vs2019\int\release\engine\crtlib.obj
d:\documents\xash3d-vs2019\int\release\engine\crclib.obj
d:\documents\xash3d-vs2019\int\release\engine\con_utils.obj
d:\documents\xash3d-vs2019\int\release\engine\console.obj
d:\documents\xash3d-vs2019\int\release\engine\common.obj
d:\documents\xash3d-vs2019\int\release\engine\cmd.obj
d:\documents\xash3d-vs2019\int\release\engine\cfgscript.obj
d:\documents\xash3d-vs2019\int\release\engine\build.obj
d:\documents\xash3d-vs2019\int\release\engine\avikit.obj
d:\documents\xash3d-vs2019\int\release\engine\vgui_draw.obj
d:\documents\xash3d-vs2019\int\release\engine\s_vox.obj
d:\documents\xash3d-vs2019\int\release\engine\s_utils.obj
d:\documents\xash3d-vs2019\int\release\engine\s_stream.obj
d:\documents\xash3d-vs2019\int\release\engine\s_mouth.obj
d:\documents\xash3d-vs2019\int\release\engine\s_mix.obj
d:\documents\xash3d-vs2019\int\release\engine\s_main.obj
d:\documents\xash3d-vs2019\int\release\engine\mod_studio.obj
d:\documents\xash3d-vs2019\int\release\engine\mod_dbghulls.obj
d:\documents\xash3d-vs2019\int\release\engine\mod_bmodel.obj
d:\documents\xash3d-vs2019\int\release\engine\model.obj
d:\documents\xash3d-vs2019\int\release\engine\matrixlib.obj
d:\documents\xash3d-vs2019\int\release\engine\mathlib.obj
d:\documents\xash3d-vs2019\int\release\engine\library.obj
d:\documents\xash3d-vs2019\int\release\engine\keys.obj
d:\documents\xash3d-vs2019\int\release\engine\input.obj
d:\documents\xash3d-vs2019\int\release\engine\infostring.obj
d:\documents\xash3d-vs2019\int\release\engine\img_wad.obj
d:\documents\xash3d-vs2019\int\release\engine\img_utils.obj
d:\documents\xash3d-vs2019\int\release\engine\img_tga.obj
d:\documents\xash3d-vs2019\int\release\engine\img_quant.obj
d:\documents\xash3d-vs2019\int\release\engine\img_main.obj
d:\documents\xash3d-vs2019\int\release\engine\img_dds.obj
d:\documents\xash3d-vs2019\int\release\engine\img_bmp.obj
d:\documents\xash3d-vs2019\int\release\engine\hpak.obj
d:\documents\xash3d-vs2019\int\release\engine\host_state.obj
d:\documents\xash3d-vs2019\int\release\engine\host.obj
d:\documents\xash3d-vs2019\int\release\engine\sv_frame.obj
d:\documents\xash3d-vs2019\int\release\engine\sv_custom.obj
d:\documents\xash3d-vs2019\int\release\engine\sv_cmds.obj
d:\documents\xash3d-vs2019\int\release\engine\sv_client.obj
d:\documents\xash3d-vs2019\int\release\engine\zone.obj
d:\documents\xash3d-vs2019\int\release\engine\world.obj
d:\documents\xash3d-vs2019\int\release\engine\titles.obj
d:\documents\xash3d-vs2019\int\release\engine\sys_win.obj
d:\documents\xash3d-vs2019\int\release\engine\sys_con.obj
d:\documents\xash3d-vs2019\int\release\engine\snd_wav.obj
d:\documents\xash3d-vs2019\int\release\engine\snd_utils.obj
d:\documents\xash3d-vs2019\int\release\engine\snd_mp3.obj
d:\documents\xash3d-vs2019\int\release\engine\snd_main.obj
d:\documents\xash3d-vs2019\int\release\engine\pm_trace.obj
d:\documents\xash3d-vs2019\int\release\engine\pm_surface.obj
d:\documents\xash3d-vs2019\int\release\engine\pm_debug.obj
d:\documents\xash3d-vs2019\int\release\engine\net_ws.obj
d:\documents\xash3d-vs2019\int\release\engine\net_encode.obj
d:\documents\xash3d-vs2019\int\release\engine\net_chan.obj
d:\documents\xash3d-vs2019\int\release\engine\net_buffer.obj
d:\documents\xash3d-vs2019\int\release\engine\sv_world.obj
d:\documents\xash3d-vs2019\int\release\engine\sv_save.obj
d:\documents\xash3d-vs2019\int\release\engine\sv_pmove.obj
d:\documents\xash3d-vs2019\int\release\engine\sv_phys.obj
d:\documents\xash3d-vs2019\int\release\engine\sv_move.obj
d:\documents\xash3d-vs2019\int\release\engine\sv_main.obj
d:\documents\xash3d-vs2019\int\release\engine\sv_log.obj
d:\documents\xash3d-vs2019\int\release\engine\sv_init.obj
d:\documents\xash3d-vs2019\int\release\engine\sv_game.obj
d:\documents\xash3d-vs2019\int\release\engine\vgui_surf.obj
d:\documents\xash3d-vs2019\int\release\engine\vgui_int.obj
d:\documents\xash3d-vs2019\int\release\engine\vgui_input.obj
d:\documents\xash3d-vs2019\int\release\engine\vgui_clip.obj
d:\documents\xash3d-vs2019_build\engine.dll
d:\documents\xash3d-vs2019\bin\release\engine.lib
d:\documents\xash3d-vs2019\bin\release\engine.exp
d:\documents\xash3d-vs2019\bin\release\engine.ipdb
d:\documents\xash3d-vs2019\bin\release\engine.iobj
d:\documents\xash3d-vs2019\bin\release\engine.dll
d:\documents\xash3d-vs2019\bin\release\engine.pdb
d:\documents\xash3d-vs2019\int\release\engine\engine.tlog\cl.command.1.tlog
d:\documents\xash3d-vs2019\int\release\engine\engine.tlog\cl.read.1.tlog
d:\documents\xash3d-vs2019\int\release\engine\engine.tlog\cl.write.1.tlog
d:\documents\xash3d-vs2019\int\release\engine\engine.tlog\custombuildstep.read.1u.tlog
d:\documents\xash3d-vs2019\int\release\engine\engine.tlog\custombuildstep.write.1u.tlog
d:\documents\xash3d-vs2019\int\release\engine\engine.tlog\engine.write.1u.tlog
d:\documents\xash3d-vs2019\int\release\engine\engine.tlog\link.command.1.tlog
d:\documents\xash3d-vs2019\int\release\engine\engine.tlog\link.read.1.tlog
d:\documents\xash3d-vs2019\int\release\engine\engine.tlog\link.write.1.tlog
