d:\documents\xash3d-vs2019\int\release\game\vc142.pdb
d:\documents\xash3d-vs2019\int\release\game\game.obj
d:\documents\xash3d-vs2019_build\hl.exe
d:\documents\xash3d-vs2019\bin\release\hl.lib
d:\documents\xash3d-vs2019\bin\release\hl.exp
d:\documents\xash3d-vs2019\bin\release\hl.ipdb
d:\documents\xash3d-vs2019\bin\release\hl.iobj
d:\documents\xash3d-vs2019\bin\release\hl.exe
d:\documents\xash3d-vs2019\bin\release\hl.pdb
d:\documents\xash3d-vs2019\int\release\game\game.res
d:\documents\xash3d-vs2019\int\release\game\game.tlog\cl.command.1.tlog
d:\documents\xash3d-vs2019\int\release\game\game.tlog\cl.read.1.tlog
d:\documents\xash3d-vs2019\int\release\game\game.tlog\cl.write.1.tlog
d:\documents\xash3d-vs2019\int\release\game\game.tlog\custombuildstep.read.1u.tlog
d:\documents\xash3d-vs2019\int\release\game\game.tlog\custombuildstep.write.1u.tlog
d:\documents\xash3d-vs2019\int\release\game\game.tlog\game.write.1u.tlog
d:\documents\xash3d-vs2019\int\release\game\game.tlog\link.command.1.tlog
d:\documents\xash3d-vs2019\int\release\game\game.tlog\link.read.1.tlog
d:\documents\xash3d-vs2019\int\release\game\game.tlog\link.write.1.tlog
d:\documents\xash3d-vs2019\int\release\game\game.tlog\rc.command.1.tlog
d:\documents\xash3d-vs2019\int\release\game\game.tlog\rc.read.1.tlog
d:\documents\xash3d-vs2019\int\release\game\game.tlog\rc.write.1.tlog
