d:\documents\xash3d-vs2019\int\release\hl\vc142.pdb
d:\documents\xash3d-vs2019\int\release\hl\crowbar.obj
d:\documents\xash3d-vs2019\int\release\hl\crossbow.obj
d:\documents\xash3d-vs2019\int\release\hl\controller.obj
d:\documents\xash3d-vs2019\int\release\hl\combat.obj
d:\documents\xash3d-vs2019\int\release\hl\client.obj
d:\documents\xash3d-vs2019\int\release\hl\cbase.obj
d:\documents\xash3d-vs2019\int\release\hl\buttons.obj
d:\documents\xash3d-vs2019\int\release\hl\bullsquid.obj
d:\documents\xash3d-vs2019\int\release\hl\bmodels.obj
d:\documents\xash3d-vs2019\int\release\hl\bloater.obj
d:\documents\xash3d-vs2019\int\release\hl\bigmomma.obj
d:\documents\xash3d-vs2019\int\release\hl\barney.obj
d:\documents\xash3d-vs2019\int\release\hl\barnacle.obj
d:\documents\xash3d-vs2019\int\release\hl\apache.obj
d:\documents\xash3d-vs2019\int\release\hl\animation.obj
d:\documents\xash3d-vs2019\int\release\hl\animating.obj
d:\documents\xash3d-vs2019\int\release\hl\airtank.obj
d:\documents\xash3d-vs2019\int\release\hl\agrunt.obj
d:\documents\xash3d-vs2019\int\release\hl\aflock.obj
d:\documents\xash3d-vs2019\int\release\hl\voice_gamemgr.obj
d:\documents\xash3d-vs2019\int\release\hl\headcrab.obj
d:\documents\xash3d-vs2019\int\release\hl\hassassin.obj
d:\documents\xash3d-vs2019\int\release\hl\handgrenade.obj
d:\documents\xash3d-vs2019\int\release\hl\gman.obj
d:\documents\xash3d-vs2019\int\release\hl\glock.obj
d:\documents\xash3d-vs2019\int\release\hl\globals.obj
d:\documents\xash3d-vs2019\int\release\hl\ggrenade.obj
d:\documents\xash3d-vs2019\int\release\hl\genericmonster.obj
d:\documents\xash3d-vs2019\int\release\hl\gauss.obj
d:\documents\xash3d-vs2019\int\release\hl\gargantua.obj
d:\documents\xash3d-vs2019\int\release\hl\gamerules.obj
d:\documents\xash3d-vs2019\int\release\hl\game.obj
d:\documents\xash3d-vs2019\int\release\hl\func_tank.obj
d:\documents\xash3d-vs2019\int\release\hl\func_break.obj
d:\documents\xash3d-vs2019\int\release\hl\flyingmonster.obj
d:\documents\xash3d-vs2019\int\release\hl\explode.obj
d:\documents\xash3d-vs2019\int\release\hl\egon.obj
d:\documents\xash3d-vs2019\int\release\hl\effects.obj
d:\documents\xash3d-vs2019\int\release\hl\doors.obj
d:\documents\xash3d-vs2019\int\release\hl\defaultai.obj
d:\documents\xash3d-vs2019\int\release\hl\mortar.obj
d:\documents\xash3d-vs2019\int\release\hl\monsterstate.obj
d:\documents\xash3d-vs2019\int\release\hl\monsters.obj
d:\documents\xash3d-vs2019\int\release\hl\monstermaker.obj
d:\documents\xash3d-vs2019\int\release\hl\maprules.obj
d:\documents\xash3d-vs2019\int\release\hl\lights.obj
d:\documents\xash3d-vs2019\int\release\hl\leech.obj
d:\documents\xash3d-vs2019\int\release\hl\items.obj
d:\documents\xash3d-vs2019\int\release\hl\islave.obj
d:\documents\xash3d-vs2019\int\release\hl\ichthyosaur.obj
d:\documents\xash3d-vs2019\int\release\hl\h_export.obj
d:\documents\xash3d-vs2019\int\release\hl\h_cycler.obj
d:\documents\xash3d-vs2019\int\release\hl\h_cine.obj
d:\documents\xash3d-vs2019\int\release\hl\h_battery.obj
d:\documents\xash3d-vs2019\int\release\hl\h_ai.obj
d:\documents\xash3d-vs2019\int\release\hl\houndeye.obj
d:\documents\xash3d-vs2019\int\release\hl\hornetgun.obj
d:\documents\xash3d-vs2019\int\release\hl\hornet.obj
d:\documents\xash3d-vs2019\int\release\hl\hgrunt.obj
d:\documents\xash3d-vs2019\int\release\hl\healthkit.obj
d:\documents\xash3d-vs2019\int\release\hl\skill.obj
d:\documents\xash3d-vs2019\int\release\hl\singleplay_gamerules.obj
d:\documents\xash3d-vs2019\int\release\hl\shotgun.obj
d:\documents\xash3d-vs2019\int\release\hl\scripted.obj
d:\documents\xash3d-vs2019\int\release\hl\scientist.obj
d:\documents\xash3d-vs2019\int\release\hl\schedule.obj
d:\documents\xash3d-vs2019\int\release\hl\satchel.obj
d:\documents\xash3d-vs2019\int\release\hl\rpg.obj
d:\documents\xash3d-vs2019\int\release\hl\roach.obj
d:\documents\xash3d-vs2019\int\release\hl\rat.obj
d:\documents\xash3d-vs2019\int\release\hl\python.obj
d:\documents\xash3d-vs2019\int\release\hl\player.obj
d:\documents\xash3d-vs2019\int\release\hl\plats.obj
d:\documents\xash3d-vs2019\int\release\hl\plane.obj
d:\documents\xash3d-vs2019\int\release\hl\pathcorner.obj
d:\documents\xash3d-vs2019\int\release\hl\osprey.obj
d:\documents\xash3d-vs2019\int\release\hl\nodes.obj
d:\documents\xash3d-vs2019\int\release\hl\nihilanth.obj
d:\documents\xash3d-vs2019\int\release\hl\multiplay_gamerules.obj
d:\documents\xash3d-vs2019\int\release\hl\mp5.obj
d:\documents\xash3d-vs2019\int\release\hl\zombie.obj
d:\documents\xash3d-vs2019\int\release\hl\xen.obj
d:\documents\xash3d-vs2019\int\release\hl\world.obj
d:\documents\xash3d-vs2019\int\release\hl\weapons.obj
d:\documents\xash3d-vs2019\int\release\hl\util.obj
d:\documents\xash3d-vs2019\int\release\hl\turret.obj
d:\documents\xash3d-vs2019\int\release\hl\tripmine.obj
d:\documents\xash3d-vs2019\int\release\hl\triggers.obj
d:\documents\xash3d-vs2019\int\release\hl\tentacle.obj
d:\documents\xash3d-vs2019\int\release\hl\tempmonster.obj
d:\documents\xash3d-vs2019\int\release\hl\teamplay_gamerules.obj
d:\documents\xash3d-vs2019\int\release\hl\talkmonster.obj
d:\documents\xash3d-vs2019\int\release\hl\subs.obj
d:\documents\xash3d-vs2019\int\release\hl\squeakgrenade.obj
d:\documents\xash3d-vs2019\int\release\hl\squadmonster.obj
d:\documents\xash3d-vs2019\int\release\hl\spectator.obj
d:\documents\xash3d-vs2019\int\release\hl\soundent.obj
d:\documents\xash3d-vs2019\int\release\hl\sound.obj
d:\documents\xash3d-vs2019\int\release\hl\pm_shared.obj
d:\documents\xash3d-vs2019\int\release\hl\pm_math.obj
d:\documents\xash3d-vs2019\int\release\hl\pm_debug.obj
d:\documents\xash3d-vs2019_build\valve\bin\server.dll
d:\documents\xash3d-vs2019\bin\release\server.lib
d:\documents\xash3d-vs2019\bin\release\server.exp
d:\documents\xash3d-vs2019\bin\release\server.ipdb
d:\documents\xash3d-vs2019\bin\release\server.iobj
d:\documents\xash3d-vs2019\bin\release\server.dll
d:\documents\xash3d-vs2019\bin\release\server.pdb
d:\documents\xash3d-vs2019\int\release\hl\hl.tlog\cl.command.1.tlog
d:\documents\xash3d-vs2019\int\release\hl\hl.tlog\cl.read.1.tlog
d:\documents\xash3d-vs2019\int\release\hl\hl.tlog\cl.write.1.tlog
d:\documents\xash3d-vs2019\int\release\hl\hl.tlog\custombuildstep.read.1u.tlog
d:\documents\xash3d-vs2019\int\release\hl\hl.tlog\custombuildstep.write.1u.tlog
d:\documents\xash3d-vs2019\int\release\hl\hl.tlog\hl.write.1u.tlog
d:\documents\xash3d-vs2019\int\release\hl\hl.tlog\link.command.1.tlog
d:\documents\xash3d-vs2019\int\release\hl\hl.tlog\link.read.1.tlog
d:\documents\xash3d-vs2019\int\release\hl\hl.tlog\link.write.1.tlog
